<?xml version="1.0" encoding="UTF-8"?>
<!-- Generated by org.testng.reporters.JUnitReportReporter -->
<testsuite hostname="ACAP-09" failures="0" tests="1" name="OpenEye.OpenEye" time="39.892" errors="0" timestamp="2021-12-20T16:40:35 IST" skipped="0">
  <testcase classname="OpenEye.OpenEye" name="f" time="39.892"/>
  <system-out/>
</testsuite> <!-- OpenEye.OpenEye -->
